{"total": {"lines":{"total":1050,"covered":1015,"skipped":0,"pct":96.66},"statements":{"total":1245,"covered":1165,"skipped":0,"pct":93.57},"functions":{"total":245,"covered":243,"skipped":0,"pct":99.18},"branches":{"total":780,"covered":639,"skipped":0,"pct":81.92},"branchesTrue":{"total":0,"covered":0,"skipped":0,"pct":100}}
,"/Users/chrizzzly/Documents/dev/travelflow-codex/config/locales.ts": {"lines":{"total":29,"covered":29,"skipped":0,"pct":100},"functions":{"total":7,"covered":7,"skipped":0,"pct":100},"statements":{"total":34,"covered":33,"skipped":0,"pct":97.05},"branches":{"total":8,"covered":7,"skipped":0,"pct":87.5}}
,"/Users/chrizzzly/Documents/dev/travelflow-codex/config/paywall.ts": {"lines":{"total":75,"covered":68,"skipped":0,"pct":90.66},"functions":{"total":15,"covered":15,"skipped":0,"pct":100},"statements":{"total":87,"covered":73,"skipped":0,"pct":83.9},"branches":{"total":60,"covered":45,"skipped":0,"pct":75}}
,"/Users/chrizzzly/Documents/dev/travelflow-codex/config/productLimits.ts": {"lines":{"total":14,"covered":14,"skipped":0,"pct":100},"functions":{"total":3,"covered":3,"skipped":0,"pct":100},"statements":{"total":16,"covered":16,"skipped":0,"pct":100},"branches":{"total":13,"covered":11,"skipped":0,"pct":84.61}}
,"/Users/chrizzzly/Documents/dev/travelflow-codex/config/routes.ts": {"lines":{"total":110,"covered":108,"skipped":0,"pct":98.18},"functions":{"total":18,"covered":18,"skipped":0,"pct":100},"statements":{"total":127,"covered":123,"skipped":0,"pct":96.85},"branches":{"total":95,"covered":86,"skipped":0,"pct":90.52}}
,"/Users/chrizzzly/Documents/dev/travelflow-codex/data/countryTravelData.ts": {"lines":{"total":112,"covered":109,"skipped":0,"pct":97.32},"functions":{"total":34,"covered":34,"skipped":0,"pct":100},"statements":{"total":133,"covered":125,"skipped":0,"pct":93.98},"branches":{"total":69,"covered":53,"skipped":0,"pct":76.81}}
,"/Users/chrizzzly/Documents/dev/travelflow-codex/services/appRuntimeUtils.ts": {"lines":{"total":18,"covered":18,"skipped":0,"pct":100},"functions":{"total":5,"covered":5,"skipped":0,"pct":100},"statements":{"total":21,"covered":21,"skipped":0,"pct":100},"branches":{"total":6,"covered":6,"skipped":0,"pct":100}}
,"/Users/chrizzzly/Documents/dev/travelflow-codex/services/authNavigationService.ts": {"lines":{"total":66,"covered":65,"skipped":0,"pct":98.48},"functions":{"total":13,"covered":13,"skipped":0,"pct":100},"statements":{"total":85,"covered":81,"skipped":0,"pct":95.29},"branches":{"total":67,"covered":61,"skipped":0,"pct":91.04}}
,"/Users/chrizzzly/Documents/dev/travelflow-codex/services/authUiPreferencesService.ts": {"lines":{"total":44,"covered":44,"skipped":0,"pct":100},"functions":{"total":6,"covered":6,"skipped":0,"pct":100},"statements":{"total":52,"covered":51,"skipped":0,"pct":98.07},"branches":{"total":28,"covered":27,"skipped":0,"pct":96.42}}
,"/Users/chrizzzly/Documents/dev/travelflow-codex/services/blogService.ts": {"lines":{"total":84,"covered":78,"skipped":0,"pct":92.85},"functions":{"total":24,"covered":23,"skipped":0,"pct":95.83},"statements":{"total":97,"covered":87,"skipped":0,"pct":89.69},"branches":{"total":72,"covered":51,"skipped":0,"pct":70.83}}
,"/Users/chrizzzly/Documents/dev/travelflow-codex/services/consentService.ts": {"lines":{"total":23,"covered":23,"skipped":0,"pct":100},"functions":{"total":6,"covered":6,"skipped":0,"pct":100},"statements":{"total":26,"covered":26,"skipped":0,"pct":100},"branches":{"total":14,"covered":13,"skipped":0,"pct":92.85}}
,"/Users/chrizzzly/Documents/dev/travelflow-codex/services/destinationService.ts": {"lines":{"total":123,"covered":114,"skipped":0,"pct":92.68},"functions":{"total":42,"covered":41,"skipped":0,"pct":97.61},"statements":{"total":148,"covered":133,"skipped":0,"pct":89.86},"branches":{"total":89,"covered":64,"skipped":0,"pct":71.91}}
,"/Users/chrizzzly/Documents/dev/travelflow-codex/services/historyService.ts": {"lines":{"total":36,"covered":36,"skipped":0,"pct":100},"functions":{"total":10,"covered":10,"skipped":0,"pct":100},"statements":{"total":41,"covered":41,"skipped":0,"pct":100},"branches":{"total":20,"covered":19,"skipped":0,"pct":95}}
,"/Users/chrizzzly/Documents/dev/travelflow-codex/services/releaseNotesService.ts": {"lines":{"total":110,"covered":104,"skipped":0,"pct":94.54},"functions":{"total":24,"covered":24,"skipped":0,"pct":100},"statements":{"total":131,"covered":120,"skipped":0,"pct":91.6},"branches":{"total":87,"covered":60,"skipped":0,"pct":68.96}}
,"/Users/chrizzzly/Documents/dev/travelflow-codex/services/simulatedLoginService.ts": {"lines":{"total":30,"covered":29,"skipped":0,"pct":96.66},"functions":{"total":5,"covered":5,"skipped":0,"pct":100},"statements":{"total":32,"covered":31,"skipped":0,"pct":96.87},"branches":{"total":14,"covered":14,"skipped":0,"pct":100}}
,"/Users/chrizzzly/Documents/dev/travelflow-codex/services/storageService.ts": {"lines":{"total":53,"covered":53,"skipped":0,"pct":100},"functions":{"total":12,"covered":12,"skipped":0,"pct":100},"statements":{"total":63,"covered":60,"skipped":0,"pct":95.23},"branches":{"total":38,"covered":33,"skipped":0,"pct":86.84}}
,"/Users/chrizzzly/Documents/dev/travelflow-codex/services/tripPrefillDecoder.ts": {"lines":{"total":44,"covered":44,"skipped":0,"pct":100},"functions":{"total":7,"covered":7,"skipped":0,"pct":100},"statements":{"total":59,"covered":57,"skipped":0,"pct":96.61},"branches":{"total":56,"covered":52,"skipped":0,"pct":92.85}}
,"/Users/chrizzzly/Documents/dev/travelflow-codex/shared/transportModes.ts": {"lines":{"total":29,"covered":29,"skipped":0,"pct":100},"functions":{"total":6,"covered":6,"skipped":0,"pct":100},"statements":{"total":30,"covered":30,"skipped":0,"pct":100},"branches":{"total":10,"covered":9,"skipped":0,"pct":90}}
,"/Users/chrizzzly/Documents/dev/travelflow-codex/utils/flagUtils.ts": {"lines":{"total":50,"covered":50,"skipped":0,"pct":100},"functions":{"total":8,"covered":8,"skipped":0,"pct":100},"statements":{"total":63,"covered":57,"skipped":0,"pct":90.47},"branches":{"total":34,"covered":28,"skipped":0,"pct":82.35}}
}
